<?xml version="1.0" encoding="UTF-8" ?>
<testsuite tests="19" failures="0" name="TestUnit_AssignmentTest" time="0.001" errors="0" skipped="0">
  <properties>
    <property name="java.runtime.name" value="Java(TM) SE Runtime Environment"/>
    <property name="java.vm.version" value="20.0.1+9-29"/>
    <property name="sun.boot.library.path" value="C:\Program Files\Java\jdk-20\bin"/>
    <property name="maven.multiModuleProjectDirectory" value="C:\Users\Anuraag Reddy\Downloads\Fourth Year\Second Semester\Software Design\Assignments\TestUnit_Assignment"/>
    <property name="java.vm.vendor" value="Oracle Corporation"/>
    <property name="java.vendor.url" value="https://java.oracle.com/"/>
    <property name="guice.disable.misplaced.annotation.check" value="true"/>
    <property name="path.separator" value=";"/>
    <property name="java.vm.name" value="Java HotSpot(TM) 64-Bit Server VM"/>
    <property name="sun.os.patch.level" value=""/>
    <property name="user.script" value=""/>
    <property name="user.country" value="US"/>
    <property name="sun.java.launcher" value="SUN_STANDARD"/>
    <property name="test" value="TestUnit_AssignmentTest"/>
    <property name="java.vm.specification.name" value="Java Virtual Machine Specification"/>
    <property name="user.dir" value="C:\Users\Anuraag Reddy\Downloads\Fourth Year\Second Semester\Software Design\Assignments\TestUnit_Assignment"/>
    <property name="java.vm.compressedOopsMode" value="Zero based"/>
    <property name="java.runtime.version" value="20.0.1+9-29"/>
    <property name="os.arch" value="amd64"/>
    <property name="java.io.tmpdir" value="C:\Users\ANURAA~1\AppData\Local\Temp\"/>
    <property name="line.separator" value="
"/>
    <property name="java.vm.specification.vendor" value="Oracle Corporation"/>
    <property name="user.variant" value=""/>
    <property name="stderr.encoding" value="Cp1252"/>
    <property name="os.name" value="Windows 11"/>
    <property name="maven.ext.class.path" value="C:\Program Files\NetBeans-17\netbeans\java\maven-nblib\netbeans-eventspy.jar"/>
    <property name="classworlds.conf" value="C:\Program Files\NetBeans-17\netbeans\java\maven\bin\m2.conf"/>
    <property name="sun.jnu.encoding" value="Cp1252"/>
    <property name="stdout.encoding" value="Cp1252"/>
    <property name="java.library.path" value="C:\Program Files\Java\jdk-20\bin;C:\WINDOWS\Sun\Java\bin;C:\WINDOWS\system32;C:\WINDOWS;C:\AppData\Local\Programs\Python\Scripts\;C:\AppData\Local\Programs\Python\;C:\Program Files\Python312\Scripts\;C:\Program Files\Python312\;C:\Users\Anuraag Reddy\Downloads\Second Year\Second Semester\Database Management Systems\Setup\Scripts\;C:\Users\Anuraag Reddy\Downloads\Second Year\Second Semester\Database Management Systems\Setup\;C:\Users\Anuraag Reddy\Downloads\Second Year\Second Semester\Database Management Systems\Setup\Lib\site-packages\PyQt5;C:\Program Files\Common Files\Oracle\Java\javapath;C:\Program Files\Microsoft\jdk-11.0.15.10-hotspot\bin;C:\windows\system32;C:\windows;C:\windows\System32\Wbem;C:\windows\System32\WindowsPowerShell\v1.0\;C:\windows\System32\OpenSSH\;C:\Program Files (x86)\NVIDIA Corporation\PhysX\Common;C:\Program Files\NVIDIA Corporation\NVIDIA NvDLISR;C:\TDM-GCC-32\bin;C:\WINDOWS\system32;C:\WINDOWS;C:\WINDOWS\System32\Wbem;C:\WINDOWS\System32\WindowsPowerShell\v1.0\;C:\WINDOWS\System32\OpenSSH\;C:\Program Files\dotnet\;C:\Program Files\Git\cmd;C:\laragon\bin\php\php-8.1.10-Win32-vs16-x64;C:\ProgramData\ComposerSetup\bin;C:\Program Files (x86)\Windows Kits\10\Windows Performance Toolkit\;C:\Program Files\nodejs;C:\ProgramData\chocolatey\bin;C:\Users\Anuraag Reddy\AppData\Local\Programs\Python\Python310\Scripts\;C:\Users\Anuraag Reddy\AppData\Local\Programs\Python\Python310\;C:\Users\Anuraag Reddy\AppData\Local\Programs\Python\Python312\Scripts\;C:\Users\Anuraag Reddy\AppData\Local\Programs\Python\Python312\;C:\Users\Anuraag Reddy\AppData\Local\Programs\Python\Launcher\;C:\Users\Anuraag Reddy.pyenv\pyenv-win\bin;C:\Users\Anuraag Reddy.pyenv\pyenv-win\shims;C:\Users\Anuraag Reddy\.pyenv\pyenv-win\bin;C:\Users\Anuraag Reddy\.pyenv\pyenv-win\shims;C:\Program Files\MySQL\MySQL Shell 8.0\bin\;C:\Users\Anuraag Reddy\AppData\Local\Microsoft\WindowsApps;C:\Users\Anuraag Reddy\AppData\Local\GitHubDesktop\bin;C:\Users\Anuraag Reddy\AppData\Local\Programs\Microsoft VS Code\bin;C:\Users\Anuraag Reddy\AppData\Roaming\Composer\vendor\bin;C:\Users\Anuraag Reddy\AppData\Roaming\npm;."/>
    <property name="maven.conf" value="C:\Program Files\NetBeans-17\netbeans\java\maven/conf"/>
    <property name="jdk.debug" value="release"/>
    <property name="java.class.version" value="64.0"/>
    <property name="java.specification.name" value="Java Platform API Specification"/>
    <property name="sun.management.compiler" value="HotSpot 64-Bit Tiered Compilers"/>
    <property name="os.version" value="10.0"/>
    <property name="library.jansi.path" value="C:\Program Files\NetBeans-17\netbeans\java\maven\lib\jansi-native"/>
    <property name="user.home" value="C:\Users\Anuraag Reddy"/>
    <property name="user.timezone" value="Asia/Tokyo"/>
    <property name="file.encoding" value="UTF-8"/>
    <property name="java.specification.version" value="20"/>
    <property name="user.name" value="Anuraag Reddy"/>
    <property name="java.class.path" value="C:\Program Files\NetBeans-17\netbeans\java\maven\boot\plexus-classworlds-2.6.0.jar"/>
    <property name="java.vm.specification.version" value="20"/>
    <property name="sun.arch.data.model" value="64"/>
    <property name="sun.java.command" value="org.codehaus.plexus.classworlds.launcher.Launcher -Dtest=TestUnit_AssignmentTest -Dmaven.ext.class.path=C:\Program Files\NetBeans-17\netbeans\java\maven-nblib\netbeans-eventspy.jar --no-transfer-progress surefire:test"/>
    <property name="java.home" value="C:\Program Files\Java\jdk-20"/>
    <property name="user.language" value="en"/>
    <property name="java.specification.vendor" value="Oracle Corporation"/>
    <property name="java.vm.info" value="mixed mode, sharing"/>
    <property name="java.version" value="20.0.1"/>
    <property name="native.encoding" value="Cp1252"/>
    <property name="java.vendor" value="Oracle Corporation"/>
    <property name="maven.home" value="C:\Program Files\NetBeans-17\netbeans\java\maven"/>
    <property name="file.separator" value="\"/>
    <property name="java.version.date" value="2023-04-18"/>
    <property name="java.vendor.url.bug" value="https://bugreport.java.com/bugreport/"/>
    <property name="sun.io.unicode.encoding" value="UnicodeLittle"/>
    <property name="sun.cpu.endian" value="little"/>
    <property name="sun.cpu.isalist" value="amd64"/>
  </properties>
  <testcase classname="TestUnit_AssignmentTest" name="TestUnit_AssignmentTest.testVowelCountWithSpecialCharacters" time="0.001"/>
  <testcase classname="TestUnit_AssignmentTest" name="TestUnit_AssignmentTest.testDigitCountWithSpecialCharacters" time="0"/>
  <testcase classname="TestUnit_AssignmentTest" name="TestUnit_AssignmentTest.testVowelCountAlphaNumerics" time="0"/>
  <testcase classname="TestUnit_AssignmentTest" name="TestUnit_AssignmentTest.testVowelCountSpacesOnly" time="0"/>
  <testcase classname="TestUnit_AssignmentTest" name="TestUnit_AssignmentTest.testDigitCountEmptyString" time="0"/>
  <testcase classname="TestUnit_AssignmentTest" name="TestUnit_AssignmentTest.testDigitCountAlphaNumerics" time="0"/>
  <testcase classname="TestUnit_AssignmentTest" name="TestUnit_AssignmentTest.testDigitWithForeignCharacters" time="0"/>
  <testcase classname="TestUnit_AssignmentTest" name="TestUnit_AssignmentTest.testCharCountEmptyString" time="0"/>
  <testcase classname="TestUnit_AssignmentTest" name="TestUnit_AssignmentTest.testCharCountWithSpecialCharacters" time="0"/>
  <testcase classname="TestUnit_AssignmentTest" name="TestUnit_AssignmentTest.testVowelWithCaptialAndSmallVowels" time="0"/>
  <testcase classname="TestUnit_AssignmentTest" name="TestUnit_AssignmentTest.testCharCountAlphaNumerics" time="0"/>
  <testcase classname="TestUnit_AssignmentTest" name="TestUnit_AssignmentTest.testCharCountSpacesOnly" time="0"/>
  <testcase classname="TestUnit_AssignmentTest" name="TestUnit_AssignmentTest.testVowelWithForeignCharacters" time="0"/>
  <testcase classname="TestUnit_AssignmentTest" name="TestUnit_AssignmentTest.testVowelCountEmptyString" time="0"/>
  <testcase classname="TestUnit_AssignmentTest" name="TestUnit_AssignmentTest.testCharWithForeignCharacters" time="0"/>
  <testcase classname="TestUnit_AssignmentTest" name="TestUnit_AssignmentTest.testDigitCountSpacesOnly" time="0"/>
  <testcase classname="TestUnit_AssignmentTest" name="TestUnit_AssignmentTest.testVowelCountNull" time="0"/>
  <testcase classname="TestUnit_AssignmentTest" name="TestUnit_AssignmentTest.testDigitCountNull" time="0"/>
  <testcase classname="TestUnit_AssignmentTest" name="TestUnit_AssignmentTest.testCharCountNull" time="0"/>
</testsuite>